<?xml version="1.0" ?>
<coverage version="7.12.0" timestamp="1764652308011" lines-valid="24" lines-covered="12" line-rate="0.5" branches-covered="0" branches-valid="0" branch-rate="0" complexity="0">
	<!-- Generated by coverage.py: https://coverage.readthedocs.io/en/7.12.0 -->
	<!-- Based on https://raw.githubusercontent.com/cobertura/web/master/htdocs/xml/coverage-04.dtd -->
	<sources>
		<source>C:\Users\bamba\Music\Administrador-De-Contrase-as---Integraci-n-Continua\backend\tests</source>
	</sources>
	<packages>
		<package name="." line-rate="0.5" branch-rate="0" complexity="0">
			<classes>
				<class name="__init__.py" filename="__init__.py" complexity="0" line-rate="1" branch-rate="0">
					<methods/>
					<lines/>
				</class>
				<class name="conftest.py" filename="conftest.py" complexity="0" line-rate="0.8889" branch-rate="0">
					<methods/>
					<lines>
						<line number="2" hits="1"/>
						<line number="3" hits="1"/>
						<line number="6" hits="1"/>
						<line number="8" hits="1"/>
						<line number="9" hits="1"/>
						<line number="11" hits="1"/>
						<line number="12" hits="1"/>
						<line number="15" hits="1"/>
						<line number="17" hits="0"/>
					</lines>
				</class>
				<class name="test_usuarios.py" filename="test_usuarios.py" complexity="0" line-rate="0.2667" branch-rate="0">
					<methods/>
					<lines>
						<line number="2" hits="1"/>
						<line number="4" hits="1"/>
						<line number="6" hits="0"/>
						<line number="7" hits="0"/>
						<line number="9" hits="1"/>
						<line number="11" hits="0"/>
						<line number="12" hits="0"/>
						<line number="14" hits="1"/>
						<line number="17" hits="0"/>
						<line number="19" hits="0"/>
						<line number="30" hits="0"/>
						<line number="31" hits="0"/>
						<line number="32" hits="0"/>
						<line number="33" hits="0"/>
						<line number="34" hits="0"/>
					</lines>
				</class>
			</classes>
		</package>
	</packages>
</coverage>
